<?xml version="1.0" encoding="UTF-8"?>
<!-- Generated by org.testng.reporters.JUnitXMLReporter -->
<testsuite ignored="0" hostname="DESKTOP-4L0JK01" failures="2" tests="6" name="Magneto Tests" time="21.351" errors="0" timestamp="2025-07-01T10:07:47 GMT-07:00">
  <testcase classname="com.magneto.automation.tests.HomeTest" name="fillForm" time="0.92">
    <skipped/>
  </testcase> <!-- fillForm -->
  <testcase classname="com.magneto.automation.tests.HomeTest" name="fillForm" time="0.683">
    <skipped/>
  </testcase> <!-- fillForm -->
  <testcase classname="com.magneto.automation.tests.HomeTest" name="fillForm" time="0.484">
    <failure type="java.lang.AssertionError" message="💣 Intentional failure for screenshot test">
      <![CDATA[java.lang.AssertionError: 💣 Intentional failure for screenshot test
at com.magneto.automation.tests.HomeTest.fillForm(HomeTest.java:18)
at java.base/java.util.ArrayList.forEach(ArrayList.java:1596)
... Removed 26 stack frames]]>
    </failure>
  </testcase> <!-- fillForm -->
  <testcase classname="com.magneto.automation.tests.HomeTest" name="fillForm" time="0.383">
    <skipped/>
  </testcase> <!-- fillForm -->
  <testcase classname="com.magneto.automation.tests.HomeTest" name="fillForm" time="1.05">
    <skipped/>
  </testcase> <!-- fillForm -->
  <testcase classname="com.magneto.automation.tests.HomeTest" name="fillForm" time="0.558">
    <failure type="java.lang.AssertionError" message="💣 Intentional failure for screenshot test">
      <![CDATA[java.lang.AssertionError: 💣 Intentional failure for screenshot test
at com.magneto.automation.tests.HomeTest.fillForm(HomeTest.java:18)
at java.base/java.util.ArrayList.forEach(ArrayList.java:1596)
... Removed 26 stack frames]]>
    </failure>
  </testcase> <!-- fillForm -->
</testsuite> <!-- Magneto Tests -->
